C:\DOCUMENTS AND SETTINGS\PALMER\MY DOCUMENTS\VISUAL STUDIO 2010\PROJECTS\OPENGL\DEBUG\OPENGL.EXE
C:\DOCUMENTS AND SETTINGS\PALMER\MY DOCUMENTS\VISUAL STUDIO 2010\PROJECTS\OPENGL\DEBUG\OPENGL.ILK
C:\DOCUMENTS AND SETTINGS\PALMER\MY DOCUMENTS\VISUAL STUDIO 2010\PROJECTS\OPENGL\DEBUG\OPENGL.PDB
C:\DOCUMENTS AND SETTINGS\PALMER\MY DOCUMENTS\VISUAL STUDIO 2010\PROJECTS\OPENGL\OPENGL\DEBUG\.NETFRAMEWORK,VERSION=V4.0.ASSEMBLYATTRIBUTES.OBJ
C:\DOCUMENTS AND SETTINGS\PALMER\MY DOCUMENTS\VISUAL STUDIO 2010\PROJECTS\OPENGL\OPENGL\DEBUG\APP.RES
C:\DOCUMENTS AND SETTINGS\PALMER\MY DOCUMENTS\VISUAL STUDIO 2010\PROJECTS\OPENGL\OPENGL\DEBUG\ASSEMBLYINFO.OBJ
c:\documents and settings\Palmer\my documents\visual studio 2010\Projects\OpenGl\OpenGl\Debug\cl.command.1.tlog
c:\documents and settings\Palmer\my documents\visual studio 2010\Projects\OpenGl\OpenGl\Debug\CL.read.1.tlog
c:\documents and settings\Palmer\my documents\visual studio 2010\Projects\OpenGl\OpenGl\Debug\CL.write.1.tlog
c:\documents and settings\Palmer\my documents\visual studio 2010\Projects\OpenGl\OpenGl\Debug\CRYPT32.DLL.bi
c:\documents and settings\Palmer\my documents\visual studio 2010\Projects\OpenGl\OpenGl\Debug\GenerateResource.read.1.tlog
c:\documents and settings\Palmer\my documents\visual studio 2010\Projects\OpenGl\OpenGl\Debug\GenerateResource.write.1.tlog
c:\documents and settings\Palmer\my documents\visual studio 2010\Projects\OpenGl\OpenGl\Debug\link.5420.read.1.tlog
c:\documents and settings\Palmer\my documents\visual studio 2010\Projects\OpenGl\OpenGl\Debug\link.5420.write.1.tlog
c:\documents and settings\Palmer\my documents\visual studio 2010\Projects\OpenGl\OpenGl\Debug\link.5420-cvtres.read.1.tlog
c:\documents and settings\Palmer\my documents\visual studio 2010\Projects\OpenGl\OpenGl\Debug\link.5420-cvtres.write.1.tlog
c:\documents and settings\Palmer\my documents\visual studio 2010\Projects\OpenGl\OpenGl\Debug\link.5952.read.1.tlog
c:\documents and settings\Palmer\my documents\visual studio 2010\Projects\OpenGl\OpenGl\Debug\link.5952.write.1.tlog
c:\documents and settings\Palmer\my documents\visual studio 2010\Projects\OpenGl\OpenGl\Debug\link.5952-cvtres.read.1.tlog
c:\documents and settings\Palmer\my documents\visual studio 2010\Projects\OpenGl\OpenGl\Debug\link.5952-cvtres.write.1.tlog
c:\documents and settings\Palmer\my documents\visual studio 2010\Projects\OpenGl\OpenGl\Debug\link.command.1.tlog
c:\documents and settings\Palmer\my documents\visual studio 2010\Projects\OpenGl\OpenGl\Debug\link.read.1.tlog
c:\documents and settings\Palmer\my documents\visual studio 2010\Projects\OpenGl\OpenGl\Debug\link.write.1.tlog
c:\documents and settings\Palmer\my documents\visual studio 2010\Projects\OpenGl\OpenGl\Debug\metagen.read.1.tlog
c:\documents and settings\Palmer\my documents\visual studio 2010\Projects\OpenGl\OpenGl\Debug\metagen.write.1.tlog
c:\documents and settings\Palmer\my documents\visual studio 2010\Projects\OpenGl\OpenGl\Debug\mt.command.1.tlog
c:\documents and settings\Palmer\my documents\visual studio 2010\Projects\OpenGl\OpenGl\Debug\mt.read.1.tlog
c:\documents and settings\Palmer\my documents\visual studio 2010\Projects\OpenGl\OpenGl\Debug\mt.write.1.tlog
C:\DOCUMENTS AND SETTINGS\PALMER\MY DOCUMENTS\VISUAL STUDIO 2010\PROJECTS\OPENGL\OPENGL\DEBUG\OPENGL.EXE.INTERMEDIATE.MANIFEST
C:\DOCUMENTS AND SETTINGS\PALMER\MY DOCUMENTS\VISUAL STUDIO 2010\PROJECTS\OPENGL\OPENGL\DEBUG\OPENGL.FORM1.RESOURCES
c:\documents and settings\Palmer\my documents\visual studio 2010\Projects\OpenGl\OpenGl\Debug\OpenGl.obj
C:\DOCUMENTS AND SETTINGS\PALMER\MY DOCUMENTS\VISUAL STUDIO 2010\PROJECTS\OPENGL\OPENGL\DEBUG\OPENGL.PCH
c:\documents and settings\Palmer\my documents\visual studio 2010\Projects\OpenGl\OpenGl\Debug\OpenGl.write.1.tlog
c:\documents and settings\Palmer\my documents\visual studio 2010\Projects\OpenGl\OpenGl\Debug\rc.command.1.tlog
c:\documents and settings\Palmer\my documents\visual studio 2010\Projects\OpenGl\OpenGl\Debug\rc.read.1.tlog
c:\documents and settings\Palmer\my documents\visual studio 2010\Projects\OpenGl\OpenGl\Debug\rc.write.1.tlog
c:\documents and settings\Palmer\my documents\visual studio 2010\Projects\OpenGl\OpenGl\Debug\RSAENH.DLL.bi
C:\DOCUMENTS AND SETTINGS\PALMER\MY DOCUMENTS\VISUAL STUDIO 2010\PROJECTS\OPENGL\OPENGL\DEBUG\STDAFX.OBJ
C:\DOCUMENTS AND SETTINGS\PALMER\MY DOCUMENTS\VISUAL STUDIO 2010\PROJECTS\OPENGL\OPENGL\DEBUG\VC100.PDB
